2018-03-24 17:59:44,362 [WARN] from application in main - Logger configuration in conf files is deprecated and has no effect. Use a logback configuration file instead.
2018-03-24 17:59:45,287 [INFO] from play.api.Play in main - Application started (Prod)
2018-03-24 17:59:45,452 [INFO] from play.core.server.NettyServer in main - Listening for HTTP on /0.0.0.0:5000
2018-03-24 18:00:51,728 [WARN] from application in main - Logger configuration in conf files is deprecated and has no effect. Use a logback configuration file instead.
2018-03-24 18:00:52,611 [INFO] from play.api.Play in main - Application started (Prod)
2018-03-24 18:00:52,787 [INFO] from play.core.server.NettyServer in main - Listening for HTTP on /0.0.0.0:5000
2018-03-24 18:06:57,576 [WARN] from application in main - Logger configuration in conf files is deprecated and has no effect. Use a logback configuration file instead.
2018-03-24 18:06:58,696 [INFO] from play.api.Play in main - Application started (Prod)
2018-03-24 18:06:58,868 [INFO] from play.core.server.NettyServer in main - Listening for HTTP on /0.0.0.0:5000
2018-03-24 18:08:11,899 [WARN] from application in main - Logger configuration in conf files is deprecated and has no effect. Use a logback configuration file instead.
2018-03-24 18:08:13,039 [INFO] from play.api.Play in main - Application started (Prod)
2018-03-24 18:08:13,219 [INFO] from play.core.server.NettyServer in main - Listening for HTTP on /0.0.0.0:5000
2018-03-25 11:01:18,093 [WARN] from application in main - Logger configuration in conf files is deprecated and has no effect. Use a logback configuration file instead.
2018-03-25 11:01:19,549 [INFO] from play.api.Play in main - Application started (Prod)
2018-03-25 11:01:19,736 [INFO] from play.core.server.NettyServer in main - Listening for HTTP on /0.0.0.0:5000
2018-03-25 11:01:43,074 [ERROR] from play.core.server.netty.PlayDefaultUpstreamHandler in New I/O worker #1 - Exception caught in Netty
java.lang.IllegalArgumentException: empty text
	at org.jboss.netty.handler.codec.http.HttpVersion.<init>(HttpVersion.java:89) ~[io.netty.netty-3.10.4.Final.jar:na]
	at org.jboss.netty.handler.codec.http.HttpVersion.valueOf(HttpVersion.java:62) ~[io.netty.netty-3.10.4.Final.jar:na]
	at org.jboss.netty.handler.codec.http.HttpRequestDecoder.createMessage(HttpRequestDecoder.java:75) ~[io.netty.netty-3.10.4.Final.jar:na]
	at org.jboss.netty.handler.codec.http.HttpMessageDecoder.decode(HttpMessageDecoder.java:191) ~[io.netty.netty-3.10.4.Final.jar:na]
	at org.jboss.netty.handler.codec.http.HttpMessageDecoder.decode(HttpMessageDecoder.java:102) ~[io.netty.netty-3.10.4.Final.jar:na]
	at org.jboss.netty.handler.codec.replay.ReplayingDecoder.callDecode(ReplayingDecoder.java:500) ~[io.netty.netty-3.10.4.Final.jar:na]
	at org.jboss.netty.handler.codec.replay.ReplayingDecoder.messageReceived(ReplayingDecoder.java:435) ~[io.netty.netty-3.10.4.Final.jar:na]
	at org.jboss.netty.channel.SimpleChannelUpstreamHandler.handleUpstream(SimpleChannelUpstreamHandler.java:70) ~[io.netty.netty-3.10.4.Final.jar:na]
	at org.jboss.netty.channel.DefaultChannelPipeline.sendUpstream(DefaultChannelPipeline.java:564) [io.netty.netty-3.10.4.Final.jar:na]
	at org.jboss.netty.channel.DefaultChannelPipeline.sendUpstream(DefaultChannelPipeline.java:559) [io.netty.netty-3.10.4.Final.jar:na]
	at org.jboss.netty.channel.Channels.fireMessageReceived(Channels.java:268) [io.netty.netty-3.10.4.Final.jar:na]
	at org.jboss.netty.channel.Channels.fireMessageReceived(Channels.java:255) [io.netty.netty-3.10.4.Final.jar:na]
	at org.jboss.netty.channel.socket.nio.NioWorker.read(NioWorker.java:88) [io.netty.netty-3.10.4.Final.jar:na]
	at org.jboss.netty.channel.socket.nio.AbstractNioWorker.process(AbstractNioWorker.java:108) [io.netty.netty-3.10.4.Final.jar:na]
	at org.jboss.netty.channel.socket.nio.AbstractNioSelector.run(AbstractNioSelector.java:337) [io.netty.netty-3.10.4.Final.jar:na]
	at org.jboss.netty.channel.socket.nio.AbstractNioWorker.run(AbstractNioWorker.java:89) [io.netty.netty-3.10.4.Final.jar:na]
	at org.jboss.netty.channel.socket.nio.NioWorker.run(NioWorker.java:178) [io.netty.netty-3.10.4.Final.jar:na]
	at org.jboss.netty.util.ThreadRenamingRunnable.run(ThreadRenamingRunnable.java:108) [io.netty.netty-3.10.4.Final.jar:na]
	at org.jboss.netty.util.internal.DeadLockProofWorker$1.run(DeadLockProofWorker.java:42) [io.netty.netty-3.10.4.Final.jar:na]
	at java.util.concurrent.ThreadPoolExecutor.runWorker(ThreadPoolExecutor.java:1142) [na:1.8.0_65]
	at java.util.concurrent.ThreadPoolExecutor$Worker.run(ThreadPoolExecutor.java:617) [na:1.8.0_65]
	at java.lang.Thread.run(Thread.java:745) [na:1.8.0_65]
2018-03-25 11:01:43,078 [ERROR] from play.core.server.netty.PlayDefaultUpstreamHandler in New I/O worker #1 - Exception caught in Netty
java.lang.IllegalArgumentException: empty text
	at org.jboss.netty.handler.codec.http.HttpVersion.<init>(HttpVersion.java:89) ~[io.netty.netty-3.10.4.Final.jar:na]
	at org.jboss.netty.handler.codec.http.HttpVersion.valueOf(HttpVersion.java:62) ~[io.netty.netty-3.10.4.Final.jar:na]
	at org.jboss.netty.handler.codec.http.HttpRequestDecoder.createMessage(HttpRequestDecoder.java:75) ~[io.netty.netty-3.10.4.Final.jar:na]
	at org.jboss.netty.handler.codec.http.HttpMessageDecoder.decode(HttpMessageDecoder.java:191) ~[io.netty.netty-3.10.4.Final.jar:na]
	at org.jboss.netty.handler.codec.http.HttpMessageDecoder.decode(HttpMessageDecoder.java:102) ~[io.netty.netty-3.10.4.Final.jar:na]
	at org.jboss.netty.handler.codec.replay.ReplayingDecoder.callDecode(ReplayingDecoder.java:500) ~[io.netty.netty-3.10.4.Final.jar:na]
	at org.jboss.netty.handler.codec.replay.ReplayingDecoder.cleanup(ReplayingDecoder.java:554) ~[io.netty.netty-3.10.4.Final.jar:na]
	at org.jboss.netty.handler.codec.frame.FrameDecoder.channelDisconnected(FrameDecoder.java:365) [io.netty.netty-3.10.4.Final.jar:na]
	at org.jboss.netty.channel.SimpleChannelUpstreamHandler.handleUpstream(SimpleChannelUpstreamHandler.java:102) [io.netty.netty-3.10.4.Final.jar:na]
	at org.jboss.netty.channel.DefaultChannelPipeline.sendUpstream(DefaultChannelPipeline.java:564) [io.netty.netty-3.10.4.Final.jar:na]
	at org.jboss.netty.channel.DefaultChannelPipeline.sendUpstream(DefaultChannelPipeline.java:559) [io.netty.netty-3.10.4.Final.jar:na]
	at org.jboss.netty.channel.Channels.fireChannelDisconnected(Channels.java:396) [io.netty.netty-3.10.4.Final.jar:na]
	at org.jboss.netty.channel.socket.nio.AbstractNioWorker.close(AbstractNioWorker.java:360) [io.netty.netty-3.10.4.Final.jar:na]
	at org.jboss.netty.channel.socket.nio.NioServerSocketPipelineSink.handleAcceptedSocket(NioServerSocketPipelineSink.java:81) [io.netty.netty-3.10.4.Final.jar:na]
	at org.jboss.netty.channel.socket.nio.NioServerSocketPipelineSink.eventSunk(NioServerSocketPipelineSink.java:36) [io.netty.netty-3.10.4.Final.jar:na]
	at org.jboss.netty.channel.DefaultChannelPipeline$DefaultChannelHandlerContext.sendDownstream(DefaultChannelPipeline.java:779) [io.netty.netty-3.10.4.Final.jar:na]
	at org.jboss.netty.handler.codec.oneone.OneToOneEncoder.handleDownstream(OneToOneEncoder.java:54) [io.netty.netty-3.10.4.Final.jar:na]
	at org.jboss.netty.channel.DefaultChannelPipeline.sendDownstream(DefaultChannelPipeline.java:591) [io.netty.netty-3.10.4.Final.jar:na]
	at org.jboss.netty.channel.DefaultChannelPipeline$DefaultChannelHandlerContext.sendDownstream(DefaultChannelPipeline.java:784) [io.netty.netty-3.10.4.Final.jar:na]
	at org.jboss.netty.channel.SimpleChannelHandler.closeRequested(SimpleChannelHandler.java:334) [io.netty.netty-3.10.4.Final.jar:na]
	at org.jboss.netty.channel.SimpleChannelHandler.handleDownstream(SimpleChannelHandler.java:260) [io.netty.netty-3.10.4.Final.jar:na]
	at com.typesafe.netty.http.pipelining.HttpPipeliningHandler.handleDownstream(HttpPipeliningHandler.java:106) [com.typesafe.netty.netty-http-pipelining-1.1.4.jar:na]
	at org.jboss.netty.channel.DefaultChannelPipeline.sendDownstream(DefaultChannelPipeline.java:591) [io.netty.netty-3.10.4.Final.jar:na]
	at org.jboss.netty.channel.DefaultChannelPipeline.sendDownstream(DefaultChannelPipeline.java:582) [io.netty.netty-3.10.4.Final.jar:na]
	at org.jboss.netty.channel.Channels.close(Channels.java:812) [io.netty.netty-3.10.4.Final.jar:na]
	at org.jboss.netty.channel.AbstractChannel.close(AbstractChannel.java:206) [io.netty.netty-3.10.4.Final.jar:na]
	at play.core.server.netty.PlayDefaultUpstreamHandler.exceptionCaught(PlayDefaultUpstreamHandler.scala:66) [com.typesafe.play.play-netty-server_2.11-2.4.3.jar:2.4.3]
	at org.jboss.netty.channel.SimpleChannelUpstreamHandler.handleUpstream(SimpleChannelUpstreamHandler.java:112) [io.netty.netty-3.10.4.Final.jar:na]
	at org.jboss.netty.channel.DefaultChannelPipeline.sendUpstream(DefaultChannelPipeline.java:564) [io.netty.netty-3.10.4.Final.jar:na]
	at org.jboss.netty.channel.DefaultChannelPipeline$DefaultChannelHandlerContext.sendUpstream(DefaultChannelPipeline.java:791) [io.netty.netty-3.10.4.Final.jar:na]
	at org.jboss.netty.channel.SimpleChannelHandler.exceptionCaught(SimpleChannelHandler.java:156) [io.netty.netty-3.10.4.Final.jar:na]
	at org.jboss.netty.channel.SimpleChannelHandler.handleUpstream(SimpleChannelHandler.java:130) [io.netty.netty-3.10.4.Final.jar:na]
	at org.jboss.netty.channel.DefaultChannelPipeline.sendUpstream(DefaultChannelPipeline.java:564) [io.netty.netty-3.10.4.Final.jar:na]
	at org.jboss.netty.channel.DefaultChannelPipeline$DefaultChannelHandlerContext.sendUpstream(DefaultChannelPipeline.java:791) [io.netty.netty-3.10.4.Final.jar:na]
	at org.jboss.netty.channel.SimpleChannelUpstreamHandler.exceptionCaught(SimpleChannelUpstreamHandler.java:153) [io.netty.netty-3.10.4.Final.jar:na]
	at org.jboss.netty.channel.SimpleChannelUpstreamHandler.handleUpstream(SimpleChannelUpstreamHandler.java:112) [io.netty.netty-3.10.4.Final.jar:na]
	at org.jboss.netty.channel.DefaultChannelPipeline.sendUpstream(DefaultChannelPipeline.java:564) [io.netty.netty-3.10.4.Final.jar:na]
	at org.jboss.netty.channel.DefaultChannelPipeline$DefaultChannelHandlerContext.sendUpstream(DefaultChannelPipeline.java:791) [io.netty.netty-3.10.4.Final.jar:na]
	at org.jboss.netty.handler.codec.frame.FrameDecoder.exceptionCaught(FrameDecoder.java:377) [io.netty.netty-3.10.4.Final.jar:na]
	at org.jboss.netty.channel.SimpleChannelUpstreamHandler.handleUpstream(SimpleChannelUpstreamHandler.java:112) [io.netty.netty-3.10.4.Final.jar:na]
	at org.jboss.netty.channel.DefaultChannelPipeline.sendUpstream(DefaultChannelPipeline.java:564) [io.netty.netty-3.10.4.Final.jar:na]
	at org.jboss.netty.channel.DefaultChannelPipeline.sendUpstream(DefaultChannelPipeline.java:559) [io.netty.netty-3.10.4.Final.jar:na]
	at org.jboss.netty.channel.Channels.fireExceptionCaught(Channels.java:525) [io.netty.netty-3.10.4.Final.jar:na]
	at org.jboss.netty.channel.AbstractChannelSink.exceptionCaught(AbstractChannelSink.java:48) [io.netty.netty-3.10.4.Final.jar:na]
	at org.jboss.netty.channel.DefaultChannelPipeline.notifyHandlerException(DefaultChannelPipeline.java:658) [io.netty.netty-3.10.4.Final.jar:na]
	at org.jboss.netty.channel.DefaultChannelPipeline.sendUpstream(DefaultChannelPipeline.java:566) [io.netty.netty-3.10.4.Final.jar:na]
	at org.jboss.netty.channel.DefaultChannelPipeline.sendUpstream(DefaultChannelPipeline.java:559) [io.netty.netty-3.10.4.Final.jar:na]
	at org.jboss.netty.channel.Channels.fireMessageReceived(Channels.java:268) [io.netty.netty-3.10.4.Final.jar:na]
	at org.jboss.netty.channel.Channels.fireMessageReceived(Channels.java:255) [io.netty.netty-3.10.4.Final.jar:na]
	at org.jboss.netty.channel.socket.nio.NioWorker.read(NioWorker.java:88) [io.netty.netty-3.10.4.Final.jar:na]
	at org.jboss.netty.channel.socket.nio.AbstractNioWorker.process(AbstractNioWorker.java:108) [io.netty.netty-3.10.4.Final.jar:na]
	at org.jboss.netty.channel.socket.nio.AbstractNioSelector.run(AbstractNioSelector.java:337) [io.netty.netty-3.10.4.Final.jar:na]
	at org.jboss.netty.channel.socket.nio.AbstractNioWorker.run(AbstractNioWorker.java:89) [io.netty.netty-3.10.4.Final.jar:na]
	at org.jboss.netty.channel.socket.nio.NioWorker.run(NioWorker.java:178) [io.netty.netty-3.10.4.Final.jar:na]
	at org.jboss.netty.util.ThreadRenamingRunnable.run(ThreadRenamingRunnable.java:108) [io.netty.netty-3.10.4.Final.jar:na]
	at org.jboss.netty.util.internal.DeadLockProofWorker$1.run(DeadLockProofWorker.java:42) [io.netty.netty-3.10.4.Final.jar:na]
	at java.util.concurrent.ThreadPoolExecutor.runWorker(ThreadPoolExecutor.java:1142) [na:1.8.0_65]
	at java.util.concurrent.ThreadPoolExecutor$Worker.run(ThreadPoolExecutor.java:617) [na:1.8.0_65]
	at java.lang.Thread.run(Thread.java:745) [na:1.8.0_65]
2018-03-25 11:02:57,988 [WARN] from application in main - Logger configuration in conf files is deprecated and has no effect. Use a logback configuration file instead.
2018-03-25 11:02:59,376 [INFO] from play.api.Play in main - Application started (Prod)
2018-03-25 11:02:59,556 [INFO] from play.core.server.NettyServer in main - Listening for HTTP on /0.0.0.0:5000
2018-03-25 11:03:49,576 [WARN] from application in main - Logger configuration in conf files is deprecated and has no effect. Use a logback configuration file instead.
2018-03-25 11:03:50,700 [INFO] from play.api.Play in main - Application started (Prod)
2018-03-25 11:03:50,875 [INFO] from play.core.server.NettyServer in main - Listening for HTTP on /0.0.0.0:5000
2018-03-25 11:04:55,033 [WARN] from application in main - Logger configuration in conf files is deprecated and has no effect. Use a logback configuration file instead.
2018-03-25 11:04:55,975 [INFO] from play.api.Play in main - Application started (Prod)
2018-03-25 11:04:56,156 [INFO] from play.core.server.NettyServer in main - Listening for HTTP on /0.0.0.0:5000
2018-03-25 11:05:05,113 [ERROR] from play.core.server.netty.PlayDefaultUpstreamHandler in application-akka.actor.default-dispatcher-3 - Cannot invoke the action
java.lang.NullPointerException: null content
	at play.mvc.Results$Status.<init>(Results.java:1470) ~[com.typesafe.play.play_2.11-2.4.3.jar:2.4.3]
	at play.mvc.Results.ok(Results.java:173) ~[com.typesafe.play.play_2.11-2.4.3.jar:2.4.3]
	at controllers.ApplicationJava.index1(ApplicationJava.java:26) ~[play-getting-started.play-getting-started-1.0-SNAPSHOT-sans-externalized.jar:na]
	at router.Routes$$anonfun$routes$1$$anonfun$applyOrElse$4$$anonfun$apply$6.apply(Routes.scala:161) ~[play-getting-started.play-getting-started-1.0-SNAPSHOT-sans-externalized.jar:na]
	at router.Routes$$anonfun$routes$1$$anonfun$applyOrElse$4$$anonfun$apply$6.apply(Routes.scala:161) ~[play-getting-started.play-getting-started-1.0-SNAPSHOT-sans-externalized.jar:na]
	at play.core.routing.HandlerInvokerFactory$$anon$4.resultCall(HandlerInvoker.scala:136) ~[com.typesafe.play.play_2.11-2.4.3.jar:2.4.3]
	at play.core.routing.HandlerInvokerFactory$JavaActionInvokerFactory$$anon$14$$anon$3$$anon$1.invocation(HandlerInvoker.scala:127) ~[com.typesafe.play.play_2.11-2.4.3.jar:2.4.3]
	at play.core.j.JavaAction$$anon$1.call(JavaAction.scala:70) ~[com.typesafe.play.play_2.11-2.4.3.jar:2.4.3]
	at play.http.DefaultHttpRequestHandler$1.call(DefaultHttpRequestHandler.java:20) ~[com.typesafe.play.play_2.11-2.4.3.jar:2.4.3]
	at play.core.j.JavaAction$$anonfun$7.apply(JavaAction.scala:94) ~[com.typesafe.play.play_2.11-2.4.3.jar:2.4.3]
	at play.core.j.JavaAction$$anonfun$7.apply(JavaAction.scala:94) ~[com.typesafe.play.play_2.11-2.4.3.jar:2.4.3]
	at scala.concurrent.impl.Future$PromiseCompletingRunnable.liftedTree1$1(Future.scala:24) ~[org.scala-lang.scala-library-2.11.7.jar:na]
	at scala.concurrent.impl.Future$PromiseCompletingRunnable.run(Future.scala:24) ~[org.scala-lang.scala-library-2.11.7.jar:na]
	at play.core.j.HttpExecutionContext$$anon$2.run(HttpExecutionContext.scala:40) ~[com.typesafe.play.play_2.11-2.4.3.jar:2.4.3]
	at play.api.libs.iteratee.Execution$trampoline$.execute(Execution.scala:70) ~[com.typesafe.play.play-iteratees_2.11-2.4.3.jar:2.4.3]
	at play.core.j.HttpExecutionContext.execute(HttpExecutionContext.scala:32) ~[com.typesafe.play.play_2.11-2.4.3.jar:2.4.3]
	at scala.concurrent.impl.Future$.apply(Future.scala:31) ~[org.scala-lang.scala-library-2.11.7.jar:na]
	at scala.concurrent.Future$.apply(Future.scala:492) ~[org.scala-lang.scala-library-2.11.7.jar:na]
	at play.core.j.JavaAction.apply(JavaAction.scala:94) ~[com.typesafe.play.play_2.11-2.4.3.jar:2.4.3]
	at play.api.mvc.Action$$anonfun$apply$1$$anonfun$apply$4$$anonfun$apply$5.apply(Action.scala:105) ~[com.typesafe.play.play_2.11-2.4.3.jar:2.4.3]
	at play.api.mvc.Action$$anonfun$apply$1$$anonfun$apply$4$$anonfun$apply$5.apply(Action.scala:105) ~[com.typesafe.play.play_2.11-2.4.3.jar:2.4.3]
	at play.utils.Threads$.withContextClassLoader(Threads.scala:21) ~[com.typesafe.play.play_2.11-2.4.3.jar:2.4.3]
	at play.api.mvc.Action$$anonfun$apply$1$$anonfun$apply$4.apply(Action.scala:104) ~[com.typesafe.play.play_2.11-2.4.3.jar:2.4.3]
	at play.api.mvc.Action$$anonfun$apply$1$$anonfun$apply$4.apply(Action.scala:103) ~[com.typesafe.play.play_2.11-2.4.3.jar:2.4.3]
	at scala.Option.map(Option.scala:146) ~[org.scala-lang.scala-library-2.11.7.jar:na]
	at play.api.mvc.Action$$anonfun$apply$1.apply(Action.scala:103) ~[com.typesafe.play.play_2.11-2.4.3.jar:2.4.3]
	at play.api.mvc.Action$$anonfun$apply$1.apply(Action.scala:96) ~[com.typesafe.play.play_2.11-2.4.3.jar:2.4.3]
	at play.api.libs.iteratee.Iteratee$$anonfun$mapM$1.apply(Iteratee.scala:524) ~[com.typesafe.play.play-iteratees_2.11-2.4.3.jar:2.4.3]
	at play.api.libs.iteratee.Iteratee$$anonfun$mapM$1.apply(Iteratee.scala:524) ~[com.typesafe.play.play-iteratees_2.11-2.4.3.jar:2.4.3]
	at play.api.libs.iteratee.Iteratee$$anonfun$flatMapM$1.apply(Iteratee.scala:560) ~[com.typesafe.play.play-iteratees_2.11-2.4.3.jar:2.4.3]
	at play.api.libs.iteratee.Iteratee$$anonfun$flatMapM$1.apply(Iteratee.scala:560) ~[com.typesafe.play.play-iteratees_2.11-2.4.3.jar:2.4.3]
	at play.api.libs.iteratee.Iteratee$$anonfun$flatMap$1$$anonfun$apply$14.apply(Iteratee.scala:537) ~[com.typesafe.play.play-iteratees_2.11-2.4.3.jar:2.4.3]
	at play.api.libs.iteratee.Iteratee$$anonfun$flatMap$1$$anonfun$apply$14.apply(Iteratee.scala:537) ~[com.typesafe.play.play-iteratees_2.11-2.4.3.jar:2.4.3]
	at scala.concurrent.impl.Future$PromiseCompletingRunnable.liftedTree1$1(Future.scala:24) ~[org.scala-lang.scala-library-2.11.7.jar:na]
	at scala.concurrent.impl.Future$PromiseCompletingRunnable.run(Future.scala:24) ~[org.scala-lang.scala-library-2.11.7.jar:na]
	at akka.dispatch.TaskInvocation.run(AbstractDispatcher.scala:40) [com.typesafe.akka.akka-actor_2.11-2.3.13.jar:na]
	at akka.dispatch.ForkJoinExecutorConfigurator$AkkaForkJoinTask.exec(AbstractDispatcher.scala:397) [com.typesafe.akka.akka-actor_2.11-2.3.13.jar:na]
	at scala.concurrent.forkjoin.ForkJoinTask.doExec(ForkJoinTask.java:260) [org.scala-lang.scala-library-2.11.7.jar:na]
	at scala.concurrent.forkjoin.ForkJoinPool$WorkQueue.runTask(ForkJoinPool.java:1339) [org.scala-lang.scala-library-2.11.7.jar:na]
	at scala.concurrent.forkjoin.ForkJoinPool.runWorker(ForkJoinPool.java:1979) [org.scala-lang.scala-library-2.11.7.jar:na]
	at scala.concurrent.forkjoin.ForkJoinWorkerThread.run(ForkJoinWorkerThread.java:107) [org.scala-lang.scala-library-2.11.7.jar:na]
2018-03-25 11:05:05,133 [ERROR] from application in application-akka.actor.default-dispatcher-3 - 

! @77cki7o83 - Internal server error, for (POST) [/testJ] ->
 
play.api.UnexpectedException: Unexpected exception[NullPointerException: null content]
	at play.api.http.HttpErrorHandlerExceptions$.throwableToUsefulException(HttpErrorHandler.scala:261) ~[com.typesafe.play.play_2.11-2.4.3.jar:2.4.3]
	at play.api.http.DefaultHttpErrorHandler.onServerError(HttpErrorHandler.scala:191) ~[com.typesafe.play.play_2.11-2.4.3.jar:2.4.3]
	at play.api.GlobalSettings$class.onError(GlobalSettings.scala:179) [com.typesafe.play.play_2.11-2.4.3.jar:2.4.3]
	at play.api.mvc.WithFilters.onError(Filters.scala:93) [com.typesafe.play.play_2.11-2.4.3.jar:2.4.3]
	at play.api.http.GlobalSettingsHttpErrorHandler.onServerError(HttpErrorHandler.scala:94) [com.typesafe.play.play_2.11-2.4.3.jar:2.4.3]
	at play.core.server.netty.PlayDefaultUpstreamHandler$$anonfun$3.applyOrElse(PlayDefaultUpstreamHandler.scala:273) [com.typesafe.play.play-netty-server_2.11-2.4.3.jar:2.4.3]
	at play.core.server.netty.PlayDefaultUpstreamHandler$$anonfun$3.applyOrElse(PlayDefaultUpstreamHandler.scala:269) [com.typesafe.play.play-netty-server_2.11-2.4.3.jar:2.4.3]
	at scala.concurrent.Future$$anonfun$recoverWith$1.apply(Future.scala:344) [org.scala-lang.scala-library-2.11.7.jar:na]
	at scala.concurrent.Future$$anonfun$recoverWith$1.apply(Future.scala:343) [org.scala-lang.scala-library-2.11.7.jar:na]
	at scala.concurrent.impl.CallbackRunnable.run(Promise.scala:32) [org.scala-lang.scala-library-2.11.7.jar:na]
	at play.api.libs.iteratee.Execution$trampoline$.executeScheduled(Execution.scala:109) [com.typesafe.play.play-iteratees_2.11-2.4.3.jar:2.4.3]
	at play.api.libs.iteratee.Execution$trampoline$.execute(Execution.scala:71) [com.typesafe.play.play-iteratees_2.11-2.4.3.jar:2.4.3]
	at scala.concurrent.impl.CallbackRunnable.executeWithValue(Promise.scala:40) [org.scala-lang.scala-library-2.11.7.jar:na]
	at scala.concurrent.impl.Promise$DefaultPromise.tryComplete(Promise.scala:248) [org.scala-lang.scala-library-2.11.7.jar:na]
	at scala.concurrent.Promise$class.complete(Promise.scala:55) [org.scala-lang.scala-library-2.11.7.jar:na]
	at scala.concurrent.impl.Promise$DefaultPromise.complete(Promise.scala:153) [org.scala-lang.scala-library-2.11.7.jar:na]
	at scala.concurrent.impl.Future$PromiseCompletingRunnable.run(Future.scala:23) [org.scala-lang.scala-library-2.11.7.jar:na]
	at akka.dispatch.TaskInvocation.run(AbstractDispatcher.scala:40) [com.typesafe.akka.akka-actor_2.11-2.3.13.jar:na]
	at akka.dispatch.ForkJoinExecutorConfigurator$AkkaForkJoinTask.exec(AbstractDispatcher.scala:397) [com.typesafe.akka.akka-actor_2.11-2.3.13.jar:na]
	at scala.concurrent.forkjoin.ForkJoinTask.doExec(ForkJoinTask.java:260) [org.scala-lang.scala-library-2.11.7.jar:na]
	at scala.concurrent.forkjoin.ForkJoinPool$WorkQueue.runTask(ForkJoinPool.java:1339) [org.scala-lang.scala-library-2.11.7.jar:na]
	at scala.concurrent.forkjoin.ForkJoinPool.runWorker(ForkJoinPool.java:1979) [org.scala-lang.scala-library-2.11.7.jar:na]
	at scala.concurrent.forkjoin.ForkJoinWorkerThread.run(ForkJoinWorkerThread.java:107) [org.scala-lang.scala-library-2.11.7.jar:na]
Caused by: java.lang.NullPointerException: null content
	at play.mvc.Results$Status.<init>(Results.java:1470) ~[com.typesafe.play.play_2.11-2.4.3.jar:2.4.3]
	at play.mvc.Results.ok(Results.java:173) ~[com.typesafe.play.play_2.11-2.4.3.jar:2.4.3]
	at controllers.ApplicationJava.index1(ApplicationJava.java:26) ~[play-getting-started.play-getting-started-1.0-SNAPSHOT-sans-externalized.jar:na]
	at router.Routes$$anonfun$routes$1$$anonfun$applyOrElse$4$$anonfun$apply$6.apply(Routes.scala:161) ~[play-getting-started.play-getting-started-1.0-SNAPSHOT-sans-externalized.jar:na]
	at router.Routes$$anonfun$routes$1$$anonfun$applyOrElse$4$$anonfun$apply$6.apply(Routes.scala:161) ~[play-getting-started.play-getting-started-1.0-SNAPSHOT-sans-externalized.jar:na]
	at play.core.routing.HandlerInvokerFactory$$anon$4.resultCall(HandlerInvoker.scala:136) ~[com.typesafe.play.play_2.11-2.4.3.jar:2.4.3]
	at play.core.routing.HandlerInvokerFactory$JavaActionInvokerFactory$$anon$14$$anon$3$$anon$1.invocation(HandlerInvoker.scala:127) ~[com.typesafe.play.play_2.11-2.4.3.jar:2.4.3]
	at play.core.j.JavaAction$$anon$1.call(JavaAction.scala:70) ~[com.typesafe.play.play_2.11-2.4.3.jar:2.4.3]
	at play.http.DefaultHttpRequestHandler$1.call(DefaultHttpRequestHandler.java:20) ~[com.typesafe.play.play_2.11-2.4.3.jar:2.4.3]
	at play.core.j.JavaAction$$anonfun$7.apply(JavaAction.scala:94) ~[com.typesafe.play.play_2.11-2.4.3.jar:2.4.3]
	at play.core.j.JavaAction$$anonfun$7.apply(JavaAction.scala:94) ~[com.typesafe.play.play_2.11-2.4.3.jar:2.4.3]
	at scala.concurrent.impl.Future$PromiseCompletingRunnable.liftedTree1$1(Future.scala:24) [org.scala-lang.scala-library-2.11.7.jar:na]
	at scala.concurrent.impl.Future$PromiseCompletingRunnable.run(Future.scala:24) [org.scala-lang.scala-library-2.11.7.jar:na]
	at play.core.j.HttpExecutionContext$$anon$2.run(HttpExecutionContext.scala:40) ~[com.typesafe.play.play_2.11-2.4.3.jar:2.4.3]
	at play.api.libs.iteratee.Execution$trampoline$.execute(Execution.scala:70) [com.typesafe.play.play-iteratees_2.11-2.4.3.jar:2.4.3]
	at play.core.j.HttpExecutionContext.execute(HttpExecutionContext.scala:32) ~[com.typesafe.play.play_2.11-2.4.3.jar:2.4.3]
	at scala.concurrent.impl.Future$.apply(Future.scala:31) ~[org.scala-lang.scala-library-2.11.7.jar:na]
	at scala.concurrent.Future$.apply(Future.scala:492) ~[org.scala-lang.scala-library-2.11.7.jar:na]
	at play.core.j.JavaAction.apply(JavaAction.scala:94) ~[com.typesafe.play.play_2.11-2.4.3.jar:2.4.3]
	at play.api.mvc.Action$$anonfun$apply$1$$anonfun$apply$4$$anonfun$apply$5.apply(Action.scala:105) ~[com.typesafe.play.play_2.11-2.4.3.jar:2.4.3]
	at play.api.mvc.Action$$anonfun$apply$1$$anonfun$apply$4$$anonfun$apply$5.apply(Action.scala:105) ~[com.typesafe.play.play_2.11-2.4.3.jar:2.4.3]
	at play.utils.Threads$.withContextClassLoader(Threads.scala:21) ~[com.typesafe.play.play_2.11-2.4.3.jar:2.4.3]
	at play.api.mvc.Action$$anonfun$apply$1$$anonfun$apply$4.apply(Action.scala:104) ~[com.typesafe.play.play_2.11-2.4.3.jar:2.4.3]
	at play.api.mvc.Action$$anonfun$apply$1$$anonfun$apply$4.apply(Action.scala:103) ~[com.typesafe.play.play_2.11-2.4.3.jar:2.4.3]
	at scala.Option.map(Option.scala:146) ~[org.scala-lang.scala-library-2.11.7.jar:na]
	at play.api.mvc.Action$$anonfun$apply$1.apply(Action.scala:103) ~[com.typesafe.play.play_2.11-2.4.3.jar:2.4.3]
	at play.api.mvc.Action$$anonfun$apply$1.apply(Action.scala:96) ~[com.typesafe.play.play_2.11-2.4.3.jar:2.4.3]
	at play.api.libs.iteratee.Iteratee$$anonfun$mapM$1.apply(Iteratee.scala:524) ~[com.typesafe.play.play-iteratees_2.11-2.4.3.jar:2.4.3]
	at play.api.libs.iteratee.Iteratee$$anonfun$mapM$1.apply(Iteratee.scala:524) ~[com.typesafe.play.play-iteratees_2.11-2.4.3.jar:2.4.3]
	at play.api.libs.iteratee.Iteratee$$anonfun$flatMapM$1.apply(Iteratee.scala:560) ~[com.typesafe.play.play-iteratees_2.11-2.4.3.jar:2.4.3]
	at play.api.libs.iteratee.Iteratee$$anonfun$flatMapM$1.apply(Iteratee.scala:560) ~[com.typesafe.play.play-iteratees_2.11-2.4.3.jar:2.4.3]
	at play.api.libs.iteratee.Iteratee$$anonfun$flatMap$1$$anonfun$apply$14.apply(Iteratee.scala:537) ~[com.typesafe.play.play-iteratees_2.11-2.4.3.jar:2.4.3]
	at play.api.libs.iteratee.Iteratee$$anonfun$flatMap$1$$anonfun$apply$14.apply(Iteratee.scala:537) ~[com.typesafe.play.play-iteratees_2.11-2.4.3.jar:2.4.3]
	at scala.concurrent.impl.Future$PromiseCompletingRunnable.liftedTree1$1(Future.scala:24) [org.scala-lang.scala-library-2.11.7.jar:na]
	at scala.concurrent.impl.Future$PromiseCompletingRunnable.run(Future.scala:24) [org.scala-lang.scala-library-2.11.7.jar:na]
	... 6 common frames omitted
2018-03-25 11:06:35,999 [WARN] from application in main - Logger configuration in conf files is deprecated and has no effect. Use a logback configuration file instead.
2018-03-25 11:06:37,149 [INFO] from play.api.Play in main - Application started (Prod)
2018-03-25 11:06:37,324 [INFO] from play.core.server.NettyServer in main - Listening for HTTP on /0.0.0.0:5000
2018-03-25 11:07:30,707 [WARN] from application in main - Logger configuration in conf files is deprecated and has no effect. Use a logback configuration file instead.
2018-03-25 11:07:31,835 [INFO] from play.api.Play in main - Application started (Prod)
2018-03-25 11:07:31,994 [INFO] from play.core.server.NettyServer in main - Listening for HTTP on /0.0.0.0:5000
